*** Using Compiler 'V5.06 update 7 (build 960)', folder: 'C:\Keil_v5\ARM\ARMCC\Bin'
Build target 'Release'
compiling Device.cpp...
compiling main.cpp...
compiling Globals.cpp...
compiling Bootloader.cpp...
compiling HAL_USART.cpp...
compiling HAL_PINS.cpp...
compiling HAL.cpp...
compiling Timer.cpp...
compiling HAL_FWDGT.cpp...
compiling HAL_IT.cpp...
compiling HAL_ROM.cpp...
compiling HAL_I2C.cpp...
compiling HAL_ADC.cpp...
compiling Display.cpp...
compiling SSD1306.cpp...
compiling Font.cpp...
compiling HAL_PINS_GP.cpp...
compiling HAL_SPI2.cpp...
compiling Calculator.cpp...
compiling SIM800_transmit.cpp...
compiling Parser.cpp...
compiling Measurer.cpp...
compiling MQTT.cpp...
compiling Settings.cpp...
compiling SIM800.cpp...
compiling Sender.cpp...
compiling Storage.cpp...
compiling Debug.cpp...
compiling Log.cpp...
compiling MemoryStorage.cpp...
compiling Modem.cpp...
compiling Contactors.cpp...
linking...
Program Size: Code=30944 RO-data=3368 RW-data=940 ZI-data=44644  
FromELF: creating hex file...
After Build - User command #1: c:\Keil_v5\ARM\ARMCC\bin\fromelf.exe --bin Objects-Debug\ElectricityMeter.axf --output Meter.bin
After Build - User command #2: HandlerBIN.exe Meter.bin
".\Objects-Debug\ElectricityMeter.axf" - 0 Error(s), 0 Warning(s).
Build Time Elapsed:  00:00:02
