  
*** Using Compiler 'V5.06 update 7 (build 960)', folder: 'C:\Keil_v5\ARM\ARMCC\Bin'
Build Project 'Device' - Target 'Debug'
compiling main.cpp...
linking...
Program Size: Code=6212 RO-data=520 RW-data=16 ZI-data=1784  
FromELF: creating hex file...
".\Objects-Debug\NFC-Reader.axf" - 0 Error(s), 0 Warning(s).
Build Time Elapsed:  00:00:00
  
*** Using Compiler 'V5.06 update 7 (build 960)', folder: 'C:\Keil_v5\ARM\ARMCC\Bin'
Build Project 'Device' - Target 'Release'
linking...
Program Size: Code=4394 RO-data=514 RW-data=16 ZI-data=1784  
FromELF: creating hex file...
".\Objects\NFC-777-2.axf" - 0 Error(s), 0 Warning(s).
Build Time Elapsed:  00:00:01
  
*** Using Compiler 'V5.06 update 7 (build 960)', folder: 'C:\Keil_v5\ARM\ARMCC\Bin'
Build Project 'TestHardware' - Target 'Debug'
compiling defines.cpp...
compiling Device.cpp...
compiling main.cpp...
compiling SSD1306.cpp...
compiling SIM800C.cpp...
compiling ZMPT101.cpp...
compiling FlashDisk.cpp...
compiling Display.cpp...
compiling Measurer.cpp...
compiling HAL_ADC.cpp...
compiling Modem.cpp...
compiling HAL.cpp...
compiling Timer.cpp...
compiling HAL_PINS.cpp...
compiling HAL_IT.cpp...
linking...
.\Objects-Debug\NFC-Reader.axf: Error: L6218E: Undefined symbol Log::Error(const char*, ...) (referred from device.o).
.\Objects-Debug\NFC-Reader.axf: Error: L6218E: Undefined symbol Log::Write(const char*, ...) (referred from device.o).
.\Objects-Debug\NFC-Reader.axf: Error: L6218E: Undefined symbol Test::Modem() (referred from device.o).
.\Objects-Debug\NFC-Reader.axf: Error: L6218E: Undefined symbol Test::Display() (referred from device.o).
Finished: 0 information, 0 warning and 4 error messages.
".\Objects-Debug\NFC-Reader.axf" - 4 Error(s), 0 Warning(s).
Target not created.
Build Time Elapsed:  00:00:01
  
*** Using Compiler 'V5.06 update 7 (build 960)', folder: 'C:\Keil_v5\ARM\ARMCC\Bin'
Build Project 'TestHardware' - Target 'Release'
compiling SSD1306.cpp...
compiling defines.cpp...
compiling FlashDisk.cpp...
compiling SIM800C.cpp...
compiling Device.cpp...
compiling main.cpp...
compiling ZMPT101.cpp...
compiling Display.cpp...
compiling Measurer.cpp...
compiling Modem.cpp...
compiling HAL.cpp...
compiling Timer.cpp...
compiling HAL_IT.cpp...
compiling HAL_PINS.cpp...
compiling HAL_ADC.cpp...
linking...
.\Objects\NFC-777-2.axf: Error: L6218E: Undefined symbol Log::Error(const char*, ...) (referred from device.o).
.\Objects\NFC-777-2.axf: Error: L6218E: Undefined symbol Log::Write(const char*, ...) (referred from device.o).
.\Objects\NFC-777-2.axf: Error: L6218E: Undefined symbol Test::Modem() (referred from device.o).
.\Objects\NFC-777-2.axf: Error: L6218E: Undefined symbol Test::Display() (referred from device.o).
Finished: 0 information, 0 warning and 4 error messages.
".\Objects\NFC-777-2.axf" - 4 Error(s), 0 Warning(s).
Target not created.
Build Time Elapsed:  00:00:00
  
Batch-Build summary: 2 succeeded, 2 failed, 0 skipped - Time Elapsed: 00:00:03
